<?xml version="1.0" encoding="UTF-8"?>
<testng-results skipped="0" failed="0" total="1" passed="1">
  <reporter-output>
  </reporter-output>
  <suite name="Suite1" duration-ms="44283" started-at="2016-12-07T08:37:52Z" finished-at="2016-12-07T08:38:36Z">
    <groups>
    </groups>
    <test name="test12" duration-ms="44283" started-at="2016-12-07T08:37:52Z" finished-at="2016-12-07T08:38:36Z">
      <class name="test.Selenium">
        <test-method status="PASS" signature="Setup()[pri:0, instance:test.Selenium@67c9d7e8]" name="Setup" is-config="true" duration-ms="37436" started-at="2016-12-07T16:37:52Z" finished-at="2016-12-07T16:38:30Z">
          <reporter-output>
          </reporter-output>
        </test-method> <!-- Setup -->
        <test-method status="PASS" signature="logIn()[pri:0, instance:test.Selenium@67c9d7e8]" name="logIn" duration-ms="6790" started-at="2016-12-07T16:38:30Z" finished-at="2016-12-07T16:38:36Z">
          <reporter-output>
          </reporter-output>
        </test-method> <!-- logIn -->
        <test-method status="PASS" signature="tearDown()[pri:0, instance:test.Selenium@67c9d7e8]" name="tearDown" is-config="true" duration-ms="1" started-at="2016-12-07T16:38:36Z" finished-at="2016-12-07T16:38:36Z">
          <reporter-output>
          </reporter-output>
        </test-method> <!-- tearDown -->
      </class> <!-- test.Selenium -->
    </test> <!-- test12 -->
  </suite> <!-- Suite1 -->
</testng-results>
